This file contains any messages produced by compilers while
running configure, to aid debugging if configure makes a mistake.

It was created by configure, which was
generated by GNU Autoconf 2.69.  Invocation command line was

  $ ./configure --enable-epoll=yes --enable-prere=no --enable-vip=no --enable-packetver=20220406

## --------- ##
## Platform. ##
## --------- ##

hostname = souls-ro
uname -m = x86_64
uname -r = 3.10.0
uname -s = Linux
uname -v = #1 SMP Fri Nov 20 21:47:55 MSK 2020

/usr/bin/uname -p = x86_64
/bin/uname -X     = unknown

/bin/arch              = x86_64
/usr/bin/arch -k       = unknown
/usr/convex/getsysinfo = unknown
/usr/bin/hostinfo      = unknown
/bin/machine           = unknown
/usr/bin/oslevel       = unknown
/bin/universe          = unknown

PATH: /opt/rh/devtoolset-8/root/usr/bin
PATH: /opt/rh/devtoolset-4/root/usr/bin/
PATH: /usr/local/sbin
PATH: /usr/local/bin
PATH: /usr/sbin
PATH: /usr/bin
PATH: /root/bin


## ----------- ##
## Core tests. ##
## ----------- ##

configure:2306: checking for g++
configure:2322: found /opt/rh/devtoolset-8/root/usr/bin/g++
configure:2333: result: g++
configure:2360: checking for C++ compiler version
configure:2369: g++ --version >&5
g++ (GCC) 8.3.1 20190311 (Red Hat 8.3.1-3)
Copyright (C) 2018 Free Software Foundation, Inc.
This is free software; see the source for copying conditions.  There is NO
warranty; not even for MERCHANTABILITY or FITNESS FOR A PARTICULAR PURPOSE.

configure:2380: $? = 0
configure:2369: g++ -v >&5
Using built-in specs.
COLLECT_GCC=g++
COLLECT_LTO_WRAPPER=/opt/rh/devtoolset-8/root/usr/libexec/gcc/x86_64-redhat-linux/8/lto-wrapper
Target: x86_64-redhat-linux
Configured with: ../configure --enable-bootstrap --enable-languages=c,c++,fortran,lto --prefix=/opt/rh/devtoolset-8/root/usr --mandir=/opt/rh/devtoolset-8/root/usr/share/man --infodir=/opt/rh/devtoolset-8/root/usr/share/info --with-bugurl=http://bugzilla.redhat.com/bugzilla --enable-shared --enable-threads=posix --enable-checking=release --enable-multilib --with-system-zlib --enable-__cxa_atexit --disable-libunwind-exceptions --enable-gnu-unique-object --enable-linker-build-id --with-gcc-major-version-only --with-linker-hash-style=gnu --with-default-libstdcxx-abi=gcc4-compatible --enable-plugin --enable-initfini-array --with-isl=/builddir/build/BUILD/gcc-8.3.1-20190311/obj-x86_64-redhat-linux/isl-install --disable-libmpx --enable-gnu-indirect-function --with-tune=generic --with-arch_32=x86-64 --build=x86_64-redhat-linux
Thread model: posix
gcc version 8.3.1 20190311 (Red Hat 8.3.1-3) (GCC) 
configure:2380: $? = 0
configure:2369: g++ -V >&5
g++: error: unrecognized command line option '-V'
g++: fatal error: no input files
compilation terminated.
configure:2380: $? = 1
configure:2369: g++ -qversion >&5
g++: error: unrecognized command line option '-qversion'; did you mean '--version'?
g++: fatal error: no input files
compilation terminated.
configure:2380: $? = 1
configure:2400: checking whether the C++ compiler works
configure:2422: g++    conftest.cpp  >&5
configure:2426: $? = 0
configure:2474: result: yes
configure:2477: checking for C++ compiler default output file name
configure:2479: result: a.out
configure:2485: checking for suffix of executables
configure:2492: g++ -o conftest    conftest.cpp  >&5
configure:2496: $? = 0
configure:2518: result: 
configure:2540: checking whether we are cross compiling
configure:2548: g++ -o conftest    conftest.cpp  >&5
configure:2552: $? = 0
configure:2559: ./conftest
configure:2563: $? = 0
configure:2578: result: no
configure:2583: checking for suffix of object files
configure:2605: g++ -c   conftest.cpp >&5
configure:2609: $? = 0
configure:2630: result: o
configure:2634: checking whether we are using the GNU C++ compiler
configure:2653: g++ -c   conftest.cpp >&5
configure:2653: $? = 0
configure:2662: result: yes
configure:2671: checking whether g++ accepts -g
configure:2691: g++ -c -g  conftest.cpp >&5
configure:2691: $? = 0
configure:2732: result: yes
configure:2774: checking how to run the C++ preprocessor
configure:2801: g++ -E  conftest.cpp
configure:2801: $? = 0
configure:2815: g++ -E  conftest.cpp
conftest.cpp:9:10: fatal error: ac_nonexistent.h: No such file or directory
 #include <ac_nonexistent.h>
          ^~~~~~~~~~~~~~~~~~
compilation terminated.
configure:2815: $? = 1
configure: failed program was:
| /* confdefs.h */
| #define PACKAGE_NAME ""
| #define PACKAGE_TARNAME ""
| #define PACKAGE_VERSION ""
| #define PACKAGE_STRING ""
| #define PACKAGE_BUGREPORT ""
| #define PACKAGE_URL ""
| /* end confdefs.h.  */
| #include <ac_nonexistent.h>
configure:2840: result: g++ -E
configure:2860: g++ -E  conftest.cpp
configure:2860: $? = 0
configure:2874: g++ -E  conftest.cpp
conftest.cpp:9:10: fatal error: ac_nonexistent.h: No such file or directory
 #include <ac_nonexistent.h>
          ^~~~~~~~~~~~~~~~~~
compilation terminated.
configure:2874: $? = 1
configure: failed program was:
| /* confdefs.h */
| #define PACKAGE_NAME ""
| #define PACKAGE_TARNAME ""
| #define PACKAGE_VERSION ""
| #define PACKAGE_STRING ""
| #define PACKAGE_BUGREPORT ""
| #define PACKAGE_URL ""
| /* end confdefs.h.  */
| #include <ac_nonexistent.h>
configure:2903: checking for grep that handles long lines and -e
configure:2961: result: /usr/bin/grep
configure:2966: checking for egrep
configure:3028: result: /usr/bin/grep -E
configure:3033: checking for ANSI C header files
configure:3053: g++ -c -g -O2  conftest.cpp >&5
configure:3053: $? = 0
configure:3126: g++ -o conftest -g -O2   conftest.cpp  >&5
configure:3126: $? = 0
configure:3126: ./conftest
configure:3126: $? = 0
configure:3137: result: yes
configure:3150: checking for sys/types.h
configure:3150: g++ -c -g -O2  conftest.cpp >&5
configure:3150: $? = 0
configure:3150: result: yes
configure:3150: checking for sys/stat.h
configure:3150: g++ -c -g -O2  conftest.cpp >&5
configure:3150: $? = 0
configure:3150: result: yes
configure:3150: checking for stdlib.h
configure:3150: g++ -c -g -O2  conftest.cpp >&5
configure:3150: $? = 0
configure:3150: result: yes
configure:3150: checking for string.h
configure:3150: g++ -c -g -O2  conftest.cpp >&5
configure:3150: $? = 0
configure:3150: result: yes
configure:3150: checking for memory.h
configure:3150: g++ -c -g -O2  conftest.cpp >&5
configure:3150: $? = 0
configure:3150: result: yes
configure:3150: checking for strings.h
configure:3150: g++ -c -g -O2  conftest.cpp >&5
configure:3150: $? = 0
configure:3150: result: yes
configure:3150: checking for inttypes.h
configure:3150: g++ -c -g -O2  conftest.cpp >&5
configure:3150: $? = 0
configure:3150: result: yes
configure:3150: checking for stdint.h
configure:3150: g++ -c -g -O2  conftest.cpp >&5
configure:3150: $? = 0
configure:3150: result: yes
configure:3150: checking for unistd.h
configure:3150: g++ -c -g -O2  conftest.cpp >&5
configure:3150: $? = 0
configure:3150: result: yes
configure:3163: checking minix/config.h usability
configure:3163: g++ -c -g -O2  conftest.cpp >&5
conftest.cpp:52:10: fatal error: minix/config.h: No such file or directory
 #include <minix/config.h>
          ^~~~~~~~~~~~~~~~
compilation terminated.
configure:3163: $? = 1
configure: failed program was:
| /* confdefs.h */
| #define PACKAGE_NAME ""
| #define PACKAGE_TARNAME ""
| #define PACKAGE_VERSION ""
| #define PACKAGE_STRING ""
| #define PACKAGE_BUGREPORT ""
| #define PACKAGE_URL ""
| #define STDC_HEADERS 1
| #define HAVE_SYS_TYPES_H 1
| #define HAVE_SYS_STAT_H 1
| #define HAVE_STDLIB_H 1
| #define HAVE_STRING_H 1
| #define HAVE_MEMORY_H 1
| #define HAVE_STRINGS_H 1
| #define HAVE_INTTYPES_H 1
| #define HAVE_STDINT_H 1
| #define HAVE_UNISTD_H 1
| /* end confdefs.h.  */
| #include <stdio.h>
| #ifdef HAVE_SYS_TYPES_H
| # include <sys/types.h>
| #endif
| #ifdef HAVE_SYS_STAT_H
| # include <sys/stat.h>
| #endif
| #ifdef STDC_HEADERS
| # include <stdlib.h>
| # include <stddef.h>
| #else
| # ifdef HAVE_STDLIB_H
| #  include <stdlib.h>
| # endif
| #endif
| #ifdef HAVE_STRING_H
| # if !defined STDC_HEADERS && defined HAVE_MEMORY_H
| #  include <memory.h>
| # endif
| # include <string.h>
| #endif
| #ifdef HAVE_STRINGS_H
| # include <strings.h>
| #endif
| #ifdef HAVE_INTTYPES_H
| # include <inttypes.h>
| #endif
| #ifdef HAVE_STDINT_H
| # include <stdint.h>
| #endif
| #ifdef HAVE_UNISTD_H
| # include <unistd.h>
| #endif
| #include <minix/config.h>
configure:3163: result: no
configure:3163: checking minix/config.h presence
configure:3163: g++ -E  conftest.cpp
conftest.cpp:19:10: fatal error: minix/config.h: No such file or directory
 #include <minix/config.h>
          ^~~~~~~~~~~~~~~~
compilation terminated.
configure:3163: $? = 1
configure: failed program was:
| /* confdefs.h */
| #define PACKAGE_NAME ""
| #define PACKAGE_TARNAME ""
| #define PACKAGE_VERSION ""
| #define PACKAGE_STRING ""
| #define PACKAGE_BUGREPORT ""
| #define PACKAGE_URL ""
| #define STDC_HEADERS 1
| #define HAVE_SYS_TYPES_H 1
| #define HAVE_SYS_STAT_H 1
| #define HAVE_STDLIB_H 1
| #define HAVE_STRING_H 1
| #define HAVE_MEMORY_H 1
| #define HAVE_STRINGS_H 1
| #define HAVE_INTTYPES_H 1
| #define HAVE_STDINT_H 1
| #define HAVE_UNISTD_H 1
| /* end confdefs.h.  */
| #include <minix/config.h>
configure:3163: result: no
configure:3163: checking for minix/config.h
configure:3163: result: no
configure:3184: checking whether it is safe to define __EXTENSIONS__
configure:3202: g++ -c -g -O2  conftest.cpp >&5
configure:3202: $? = 0
configure:3209: result: yes
configure:3276: checking for Linux epoll(4)
configure:3294: g++ -o conftest -g -O2   conftest.cpp  >&5
configure:3294: $? = 0
configure:3302: result: yes
configure:3665: checking whether make sets $(MAKE)
configure:3687: result: yes
configure:3744: checking for gcc
configure:3760: found /opt/rh/devtoolset-8/root/usr/bin/gcc
configure:3771: result: gcc
configure:4000: checking for C compiler version
configure:4009: gcc --version >&5
gcc (GCC) 8.3.1 20190311 (Red Hat 8.3.1-3)
Copyright (C) 2018 Free Software Foundation, Inc.
This is free software; see the source for copying conditions.  There is NO
warranty; not even for MERCHANTABILITY or FITNESS FOR A PARTICULAR PURPOSE.

configure:4020: $? = 0
configure:4009: gcc -v >&5
Using built-in specs.
COLLECT_GCC=gcc
COLLECT_LTO_WRAPPER=/opt/rh/devtoolset-8/root/usr/libexec/gcc/x86_64-redhat-linux/8/lto-wrapper
Target: x86_64-redhat-linux
Configured with: ../configure --enable-bootstrap --enable-languages=c,c++,fortran,lto --prefix=/opt/rh/devtoolset-8/root/usr --mandir=/opt/rh/devtoolset-8/root/usr/share/man --infodir=/opt/rh/devtoolset-8/root/usr/share/info --with-bugurl=http://bugzilla.redhat.com/bugzilla --enable-shared --enable-threads=posix --enable-checking=release --enable-multilib --with-system-zlib --enable-__cxa_atexit --disable-libunwind-exceptions --enable-gnu-unique-object --enable-linker-build-id --with-gcc-major-version-only --with-linker-hash-style=gnu --with-default-libstdcxx-abi=gcc4-compatible --enable-plugin --enable-initfini-array --with-isl=/builddir/build/BUILD/gcc-8.3.1-20190311/obj-x86_64-redhat-linux/isl-install --disable-libmpx --enable-gnu-indirect-function --with-tune=generic --with-arch_32=x86-64 --build=x86_64-redhat-linux
Thread model: posix
gcc version 8.3.1 20190311 (Red Hat 8.3.1-3) (GCC) 
configure:4020: $? = 0
configure:4009: gcc -V >&5
gcc: error: unrecognized command line option '-V'
gcc: fatal error: no input files
compilation terminated.
configure:4020: $? = 1
configure:4009: gcc -qversion >&5
gcc: error: unrecognized command line option '-qversion'; did you mean '--version'?
gcc: fatal error: no input files
compilation terminated.
configure:4020: $? = 1
configure:4024: checking whether we are using the GNU C compiler
configure:4043: gcc -c   conftest.c >&5
configure:4043: $? = 0
configure:4052: result: yes
configure:4061: checking whether gcc accepts -g
configure:4081: gcc -c -g  conftest.c >&5
configure:4081: $? = 0
configure:4122: result: yes
configure:4139: checking for gcc option to accept ISO C89
configure:4202: gcc  -c -g -O2  conftest.c >&5
configure:4202: $? = 0
configure:4215: result: none needed
configure:4347: checking for C++ compiler version
configure:4356: g++ --version >&5
g++ (GCC) 8.3.1 20190311 (Red Hat 8.3.1-3)
Copyright (C) 2018 Free Software Foundation, Inc.
This is free software; see the source for copying conditions.  There is NO
warranty; not even for MERCHANTABILITY or FITNESS FOR A PARTICULAR PURPOSE.

configure:4367: $? = 0
configure:4356: g++ -v >&5
Using built-in specs.
COLLECT_GCC=g++
COLLECT_LTO_WRAPPER=/opt/rh/devtoolset-8/root/usr/libexec/gcc/x86_64-redhat-linux/8/lto-wrapper
Target: x86_64-redhat-linux
Configured with: ../configure --enable-bootstrap --enable-languages=c,c++,fortran,lto --prefix=/opt/rh/devtoolset-8/root/usr --mandir=/opt/rh/devtoolset-8/root/usr/share/man --infodir=/opt/rh/devtoolset-8/root/usr/share/info --with-bugurl=http://bugzilla.redhat.com/bugzilla --enable-shared --enable-threads=posix --enable-checking=release --enable-multilib --with-system-zlib --enable-__cxa_atexit --disable-libunwind-exceptions --enable-gnu-unique-object --enable-linker-build-id --with-gcc-major-version-only --with-linker-hash-style=gnu --with-default-libstdcxx-abi=gcc4-compatible --enable-plugin --enable-initfini-array --with-isl=/builddir/build/BUILD/gcc-8.3.1-20190311/obj-x86_64-redhat-linux/isl-install --disable-libmpx --enable-gnu-indirect-function --with-tune=generic --with-arch_32=x86-64 --build=x86_64-redhat-linux
Thread model: posix
gcc version 8.3.1 20190311 (Red Hat 8.3.1-3) (GCC) 
configure:4367: $? = 0
configure:4356: g++ -V >&5
g++: error: unrecognized command line option '-V'
g++: fatal error: no input files
compilation terminated.
configure:4367: $? = 1
configure:4356: g++ -qversion >&5
g++: error: unrecognized command line option '-qversion'; did you mean '--version'?
g++: fatal error: no input files
compilation terminated.
configure:4367: $? = 1
configure:4371: checking whether we are using the GNU C++ compiler
configure:4399: result: yes
configure:4408: checking whether g++ accepts -g
configure:4469: result: yes
configure:4494: checking for ar
configure:4512: found /opt/rh/devtoolset-8/root/usr/bin/ar
configure:4524: result: /opt/rh/devtoolset-8/root/usr/bin/ar
configure:4545: checking whether byte ordering is bigendian
configure:4560: g++ -c -g -O2 -std=c++17  -I../common conftest.cpp >&5
conftest.cpp:25:9: error: expected unqualified-id before 'not' token
         not a universal capable compiler
         ^~~
configure:4560: $? = 1
configure: failed program was:
| /* confdefs.h */
| #define PACKAGE_NAME ""
| #define PACKAGE_TARNAME ""
| #define PACKAGE_VERSION ""
| #define PACKAGE_STRING ""
| #define PACKAGE_BUGREPORT ""
| #define PACKAGE_URL ""
| #define STDC_HEADERS 1
| #define HAVE_SYS_TYPES_H 1
| #define HAVE_SYS_STAT_H 1
| #define HAVE_STDLIB_H 1
| #define HAVE_STRING_H 1
| #define HAVE_MEMORY_H 1
| #define HAVE_STRINGS_H 1
| #define HAVE_INTTYPES_H 1
| #define HAVE_STDINT_H 1
| #define HAVE_UNISTD_H 1
| #define __EXTENSIONS__ 1
| #define _ALL_SOURCE 1
| #define _GNU_SOURCE 1
| #define _POSIX_PTHREAD_SEMANTICS 1
| #define _TANDEM_SOURCE 1
| /* end confdefs.h.  */
| #ifndef __APPLE_CC__
| 	       not a universal capable compiler
| 	     #endif
| 	     typedef int dummy;
| 
configure:4605: g++ -c -g -O2 -std=c++17  -I../common conftest.cpp >&5
configure:4605: $? = 0
configure:4623: g++ -c -g -O2 -std=c++17  -I../common conftest.cpp >&5
conftest.cpp: In function 'int main()':
conftest.cpp:31:8: error: 'big' was not declared in this scope
    not big endian
        ^~~
configure:4623: $? = 1
configure: failed program was:
| /* confdefs.h */
| #define PACKAGE_NAME ""
| #define PACKAGE_TARNAME ""
| #define PACKAGE_VERSION ""
| #define PACKAGE_STRING ""
| #define PACKAGE_BUGREPORT ""
| #define PACKAGE_URL ""
| #define STDC_HEADERS 1
| #define HAVE_SYS_TYPES_H 1
| #define HAVE_SYS_STAT_H 1
| #define HAVE_STDLIB_H 1
| #define HAVE_STRING_H 1
| #define HAVE_MEMORY_H 1
| #define HAVE_STRINGS_H 1
| #define HAVE_INTTYPES_H 1
| #define HAVE_STDINT_H 1
| #define HAVE_UNISTD_H 1
| #define __EXTENSIONS__ 1
| #define _ALL_SOURCE 1
| #define _GNU_SOURCE 1
| #define _POSIX_PTHREAD_SEMANTICS 1
| #define _TANDEM_SOURCE 1
| /* end confdefs.h.  */
| #include <sys/types.h>
| 		#include <sys/param.h>
| 
| int
| main ()
| {
| #if BYTE_ORDER != BIG_ENDIAN
| 		 not big endian
| 		#endif
| 
|   ;
|   return 0;
| }
configure:4751: result: no
configure:4820: checking whether gcc produces 32bit code
configure:4838: g++ -o conftest -g -O2 -std=c++17  -I../common  conftest.cpp  >&5
configure:4838: $? = 0
configure:4838: ./conftest
configure:4838: $? = 1
configure: program exited with status 1
configure: failed program was:
| /* confdefs.h */
| #define PACKAGE_NAME ""
| #define PACKAGE_TARNAME ""
| #define PACKAGE_VERSION ""
| #define PACKAGE_STRING ""
| #define PACKAGE_BUGREPORT ""
| #define PACKAGE_URL ""
| #define STDC_HEADERS 1
| #define HAVE_SYS_TYPES_H 1
| #define HAVE_SYS_STAT_H 1
| #define HAVE_STDLIB_H 1
| #define HAVE_STRING_H 1
| #define HAVE_MEMORY_H 1
| #define HAVE_STRINGS_H 1
| #define HAVE_INTTYPES_H 1
| #define HAVE_STDINT_H 1
| #define HAVE_UNISTD_H 1
| #define __EXTENSIONS__ 1
| #define _ALL_SOURCE 1
| #define _GNU_SOURCE 1
| #define _POSIX_PTHREAD_SEMANTICS 1
| #define _TANDEM_SOURCE 1
| /* end confdefs.h.  */
| 
| 		int main(int argc, char **argv){
| 			if(sizeof(void*) == 4) return 0;
| 			else return 1;
| 		}
| 
configure:4883: result: no
configure:4897: checking whether gcc supports __thread specifier (TLS)
configure:4916: g++ -o conftest -g -O2 -std=c++17  -I../common  conftest.cpp  >&5
configure:4916: $? = 0
configure:4916: ./conftest
configure:4916: $? = 0
configure:4918: result: yes
configure:5030: checking whether gcc supports -Wno-unused-parameter
configure:5038: g++ -c -g -O2 -std=c++17  -I../common -DHAS_TLS conftest.cpp >&5
configure:5038: $? = 0
configure:5048: g++ -c -g -O2 -std=c++17  -I../common -DHAS_TLS conftest.cpp >&5
configure:5048: $? = 0
configure:5050: result: yes
configure:5055: checking whether gcc can actually use -Wno-unused-parameter
configure:5062: g++ -c -g -O2 -std=c++17  -I../common -DHAS_TLS conftest.cpp >&5
configure:5062: $? = 0
configure:5064: result: not needed but enabled
configure:5118: checking whether gcc supports -Wempty-body
configure:5126: g++ -c -g -O2 -std=c++17  -I../common -DHAS_TLS conftest.cpp >&5
configure:5126: $? = 0
configure:5128: result: yes
configure:5167: checking whether gcc supports -Wno-switch
configure:5175: g++ -c -g -O2 -std=c++17  -I../common -DHAS_TLS conftest.cpp >&5
configure:5175: $? = 0
configure:5185: g++ -c -g -O2 -std=c++17  -I../common -DHAS_TLS conftest.cpp >&5
configure:5185: $? = 0
configure:5187: result: yes
configure:5255: checking whether gcc supports -Wno-missing-field-initializers
configure:5263: g++ -c -g -O2 -std=c++17  -I../common -DHAS_TLS conftest.cpp >&5
configure:5263: $? = 0
configure:5273: g++ -c -g -O2 -std=c++17  -I../common -DHAS_TLS conftest.cpp >&5
configure:5273: $? = 0
configure:5275: result: yes
configure:5342: checking whether compiler is clang
configure:5348: result: no
configure:5351: checking whether gcc supports -Wno-maybe-uninitialized
configure:5359: g++ -c -g -O2 -std=c++17  -I../common -DHAS_TLS conftest.cpp >&5
configure:5359: $? = 0
configure:5369: g++ -c -g -O2 -std=c++17  -I../common -DHAS_TLS conftest.cpp >&5
configure:5369: $? = 0
configure:5371: result: yes
configure:5439: checking whether gcc supports -Wno-clobbered
configure:5447: g++ -c -g -O2 -std=c++17  -I../common -DHAS_TLS conftest.cpp >&5
configure:5447: $? = 0
configure:5457: g++ -c -g -O2 -std=c++17  -I../common -DHAS_TLS conftest.cpp >&5
configure:5457: $? = 0
configure:5459: result: yes
configure:5533: checking whether gcc supports -Wshadow
configure:5541: g++ -c -g -O2 -std=c++17  -I../common -DHAS_TLS conftest.cpp >&5
configure:5541: $? = 0
configure:5543: result: yes
configure:5582: checking whether gcc can efficiently use -Wshadow
configure:5598: g++ -c -g -O2 -std=c++17  -I../common -DHAS_TLS conftest.cpp >&5
configure:5598: $? = 0
configure:5600: result: yes
configure:5615: checking whether gcc supports -fPIC
configure:5623: g++ -c -g -O2 -std=c++17  -I../common -DHAS_TLS conftest.cpp >&5
configure:5623: $? = 0
configure:5625: result: yes
configure:5643: checking how to make shared objects
configure:5664: g++ -o conftest -g -O2 -std=c++17  -I../common -DHAS_TLS  conftest.cpp  >&5
/lib/../lib64/crt1.o: In function `_start':
(.text+0x20): undefined reference to `main'
collect2: error: ld returned 1 exit status
configure:5664: $? = 1
configure: failed program was:
| /* confdefs.h */
| #define PACKAGE_NAME ""
| #define PACKAGE_TARNAME ""
| #define PACKAGE_VERSION ""
| #define PACKAGE_STRING ""
| #define PACKAGE_BUGREPORT ""
| #define PACKAGE_URL ""
| #define STDC_HEADERS 1
| #define HAVE_SYS_TYPES_H 1
| #define HAVE_SYS_STAT_H 1
| #define HAVE_STDLIB_H 1
| #define HAVE_STRING_H 1
| #define HAVE_MEMORY_H 1
| #define HAVE_STRINGS_H 1
| #define HAVE_INTTYPES_H 1
| #define HAVE_STDINT_H 1
| #define HAVE_UNISTD_H 1
| #define __EXTENSIONS__ 1
| #define _ALL_SOURCE 1
| #define _GNU_SOURCE 1
| #define _POSIX_PTHREAD_SEMANTICS 1
| #define _TANDEM_SOURCE 1
| /* end confdefs.h.  */
| 
| 		int bar = 0;
| 
| 		int foo(void)
| 		{
| 			return bar;
| 		}
| 
configure:5686: g++ -o conftest -g -O2 -std=c++17  -I../common -DHAS_TLS  conftest.cpp  >&5
/lib/../lib64/crt1.o: In function `_start':
(.text+0x20): undefined reference to `main'
collect2: error: ld returned 1 exit status
configure:5686: $? = 1
configure: failed program was:
| /* confdefs.h */
| #define PACKAGE_NAME ""
| #define PACKAGE_TARNAME ""
| #define PACKAGE_VERSION ""
| #define PACKAGE_STRING ""
| #define PACKAGE_BUGREPORT ""
| #define PACKAGE_URL ""
| #define STDC_HEADERS 1
| #define HAVE_SYS_TYPES_H 1
| #define HAVE_SYS_STAT_H 1
| #define HAVE_STDLIB_H 1
| #define HAVE_STRING_H 1
| #define HAVE_MEMORY_H 1
| #define HAVE_STRINGS_H 1
| #define HAVE_INTTYPES_H 1
| #define HAVE_STDINT_H 1
| #define HAVE_UNISTD_H 1
| #define __EXTENSIONS__ 1
| #define _ALL_SOURCE 1
| #define _GNU_SOURCE 1
| #define _POSIX_PTHREAD_SEMANTICS 1
| #define _TANDEM_SOURCE 1
| /* end confdefs.h.  */
| 
| 		int bar = 0;
| 
| 		int foo(void)
| 		{
| 			return bar;
| 		}
| 
configure:5697: result: not supported
configure:5699: compiler is unable to generate shared objects, disabled plugins (optional)
configure:5844: checking whether gcc supports -fno-strict-aliasing
configure:5852: g++ -c -g -O2 -std=c++17  -I../common -DHAS_TLS -fno-strict-aliasing conftest.cpp >&5
configure:5852: $? = 0
configure:5853: result: yes
configure:5874: checking for setrlimit
configure:5874: g++ -o conftest -g -O2 -std=c++17  -I../common -DHAS_TLS -fno-strict-aliasing  conftest.cpp  >&5
configure:5874: $? = 0
configure:5874: result: yes
configure:5884: checking for strnlen
configure:5884: g++ -o conftest -g -O2 -std=c++17  -I../common -DHAS_TLS -fno-strict-aliasing -DHAVE_SETRLIMIT  conftest.cpp  >&5
configure:5884: $? = 0
configure:5884: result: yes
configure:5893: checking for uselocale
configure:5893: g++ -o conftest -g -O2 -std=c++17  -I../common -DHAS_TLS -fno-strict-aliasing -DHAVE_SETRLIMIT -DHAVE_STRNLEN  conftest.cpp  >&5
configure:5893: $? = 0
configure:5893: result: yes
configure:5904: checking for newlocale
configure:5904: g++ -o conftest -g -O2 -std=c++17  -I../common -DHAS_TLS -fno-strict-aliasing -DHAVE_SETRLIMIT -DHAVE_STRNLEN  conftest.cpp  >&5
configure:5904: $? = 0
configure:5904: result: yes
configure:5915: checking for freelocale
configure:5915: g++ -o conftest -g -O2 -std=c++17  -I../common -DHAS_TLS -fno-strict-aliasing -DHAVE_SETRLIMIT -DHAVE_STRNLEN  conftest.cpp  >&5
configure:5915: $? = 0
configure:5915: result: yes
configure:5926: checking for xlocale.h
configure:5926: g++ -c -g -O2 -std=c++17  -I../common -DHAS_TLS -fno-strict-aliasing -DHAVE_SETRLIMIT -DHAVE_STRNLEN conftest.cpp >&5
configure:5926: $? = 0
configure:5926: result: yes
configure:6129: checking for library containing inflateEnd
configure:6160: g++ -o conftest -g -O2 -std=c++17  -I../common -DHAS_TLS -fno-strict-aliasing -DHAVE_SETRLIMIT -DHAVE_STRNLEN -DPACKETVER=20220406 -DSOCKET_EPOLL  -I/usr/include  -L/usr/lib conftest.cpp  >&5
/tmp/ccI1KMwF.o: In function `main':
/root/rathena/conftest.cpp:39: undefined reference to `inflateEnd'
collect2: error: ld returned 1 exit status
configure:6160: $? = 1
configure: failed program was:
| /* confdefs.h */
| #define PACKAGE_NAME ""
| #define PACKAGE_TARNAME ""
| #define PACKAGE_VERSION ""
| #define PACKAGE_STRING ""
| #define PACKAGE_BUGREPORT ""
| #define PACKAGE_URL ""
| #define STDC_HEADERS 1
| #define HAVE_SYS_TYPES_H 1
| #define HAVE_SYS_STAT_H 1
| #define HAVE_STDLIB_H 1
| #define HAVE_STRING_H 1
| #define HAVE_MEMORY_H 1
| #define HAVE_STRINGS_H 1
| #define HAVE_INTTYPES_H 1
| #define HAVE_STDINT_H 1
| #define HAVE_UNISTD_H 1
| #define __EXTENSIONS__ 1
| #define _ALL_SOURCE 1
| #define _GNU_SOURCE 1
| #define _POSIX_PTHREAD_SEMANTICS 1
| #define _TANDEM_SOURCE 1
| #define HAVE_USELOCALE 1
| #define HAVE_NEWLOCALE 1
| #define HAVE_FREELOCALE 1
| #define HAVE_XLOCALE_H 1
| /* end confdefs.h.  */
| 
| /* Override any GCC internal prototype to avoid an error.
|    Use char because int might match the return type of a GCC
|    builtin and then its argument prototype would still apply.  */
| #ifdef __cplusplus
| extern "C"
| #endif
| char inflateEnd ();
| int
| main ()
| {
| return inflateEnd ();
|   ;
|   return 0;
| }
configure:6160: g++ -o conftest -g -O2 -std=c++17  -I../common -DHAS_TLS -fno-strict-aliasing -DHAVE_SETRLIMIT -DHAVE_STRNLEN -DPACKETVER=20220406 -DSOCKET_EPOLL  -I/usr/include  -L/usr/lib conftest.cpp -lz   >&5
configure:6160: $? = 0
configure:6177: result: -lz
configure:6187: checking for zlib.h
configure:6187: g++ -c -g -O2 -std=c++17  -I../common -DHAS_TLS -fno-strict-aliasing -DHAVE_SETRLIMIT -DHAVE_STRNLEN -DPACKETVER=20220406 -DSOCKET_EPOLL  -I/usr/include conftest.cpp >&5
configure:6187: $? = 0
configure:6187: result: yes
configure:6204: checking for library containing sqrt
configure:6235: g++ -o conftest -g -O2 -std=c++17  -I../common -DHAS_TLS -fno-strict-aliasing -DHAVE_SETRLIMIT -DHAVE_STRNLEN -DPACKETVER=20220406 -DSOCKET_EPOLL  -I/usr/include  -L/usr/lib conftest.cpp -lz  >&5
conftest.cpp:35:6: warning: declaration of 'char sqrt()' conflicts with built-in declaration 'double sqrt(double)' [-Wbuiltin-declaration-mismatch]
 char sqrt ();
      ^~~~
configure:6235: $? = 0
configure:6252: result: none required
configure:6267: checking for library containing clock_gettime
configure:6298: g++ -o conftest -g -O2 -std=c++17  -I../common -DHAS_TLS -fno-strict-aliasing -DHAVE_SETRLIMIT -DHAVE_STRNLEN -DPACKETVER=20220406 -DSOCKET_EPOLL  -I/usr/include  -L/usr/lib conftest.cpp -lz  >&5
configure:6298: $? = 0
configure:6315: result: none required
configure:6334: checking whether CLOCK_MONOTONIC is supported and works
configure:6357: g++ -o conftest -g -O2 -std=c++17  -I../common -DHAS_TLS -fno-strict-aliasing -DHAVE_SETRLIMIT -DHAVE_STRNLEN -DPACKETVER=20220406 -DSOCKET_EPOLL  -I/usr/include  -L/usr/lib conftest.cpp -lz  >&5
configure:6357: $? = 0
configure:6357: ./conftest
configure:6357: $? = 0
configure:6359: result: yes
configure:6381: checking for library containing pthread_create
configure:6412: g++ -o conftest -g -O2 -std=c++17  -I../common -DHAS_TLS -fno-strict-aliasing -DHAVE_SETRLIMIT -DHAVE_STRNLEN -DPACKETVER=20220406 -DSOCKET_EPOLL  -I/usr/include -DHAVE_MONOTONIC_CLOCK  -L/usr/lib conftest.cpp -lz  >&5
/tmp/ccJN40w3.o: In function `main':
/root/rathena/conftest.cpp:39: undefined reference to `pthread_create'
collect2: error: ld returned 1 exit status
configure:6412: $? = 1
configure: failed program was:
| /* confdefs.h */
| #define PACKAGE_NAME ""
| #define PACKAGE_TARNAME ""
| #define PACKAGE_VERSION ""
| #define PACKAGE_STRING ""
| #define PACKAGE_BUGREPORT ""
| #define PACKAGE_URL ""
| #define STDC_HEADERS 1
| #define HAVE_SYS_TYPES_H 1
| #define HAVE_SYS_STAT_H 1
| #define HAVE_STDLIB_H 1
| #define HAVE_STRING_H 1
| #define HAVE_MEMORY_H 1
| #define HAVE_STRINGS_H 1
| #define HAVE_INTTYPES_H 1
| #define HAVE_STDINT_H 1
| #define HAVE_UNISTD_H 1
| #define __EXTENSIONS__ 1
| #define _ALL_SOURCE 1
| #define _GNU_SOURCE 1
| #define _POSIX_PTHREAD_SEMANTICS 1
| #define _TANDEM_SOURCE 1
| #define HAVE_USELOCALE 1
| #define HAVE_NEWLOCALE 1
| #define HAVE_FREELOCALE 1
| #define HAVE_XLOCALE_H 1
| /* end confdefs.h.  */
| 
| /* Override any GCC internal prototype to avoid an error.
|    Use char because int might match the return type of a GCC
|    builtin and then its argument prototype would still apply.  */
| #ifdef __cplusplus
| extern "C"
| #endif
| char pthread_create ();
| int
| main ()
| {
| return pthread_create ();
|   ;
|   return 0;
| }
configure:6412: g++ -o conftest -g -O2 -std=c++17  -I../common -DHAS_TLS -fno-strict-aliasing -DHAVE_SETRLIMIT -DHAVE_STRNLEN -DPACKETVER=20220406 -DSOCKET_EPOLL  -I/usr/include -DHAVE_MONOTONIC_CLOCK  -L/usr/lib conftest.cpp -lpthread  -lz  >&5
configure:6412: $? = 0
configure:6429: result: -lpthread
configure:6439: checking for library containing pthread_sigmask
configure:6470: g++ -o conftest -g -O2 -std=c++17  -I../common -DHAS_TLS -fno-strict-aliasing -DHAVE_SETRLIMIT -DHAVE_STRNLEN -DPACKETVER=20220406 -DSOCKET_EPOLL  -I/usr/include -DHAVE_MONOTONIC_CLOCK  -L/usr/lib conftest.cpp -lpthread -lz  >&5
configure:6470: $? = 0
configure:6487: result: none required
configure:6497: checking for library containing pthread_attr_init
configure:6528: g++ -o conftest -g -O2 -std=c++17  -I../common -DHAS_TLS -fno-strict-aliasing -DHAVE_SETRLIMIT -DHAVE_STRNLEN -DPACKETVER=20220406 -DSOCKET_EPOLL  -I/usr/include -DHAVE_MONOTONIC_CLOCK  -L/usr/lib conftest.cpp -lpthread -lz  >&5
configure:6528: $? = 0
configure:6545: result: none required
configure:6555: checking for library containing pthread_attr_setstacksize
configure:6586: g++ -o conftest -g -O2 -std=c++17  -I../common -DHAS_TLS -fno-strict-aliasing -DHAVE_SETRLIMIT -DHAVE_STRNLEN -DPACKETVER=20220406 -DSOCKET_EPOLL  -I/usr/include -DHAVE_MONOTONIC_CLOCK  -L/usr/lib conftest.cpp -lpthread -lz  >&5
configure:6586: $? = 0
configure:6603: result: none required
configure:6613: checking for library containing pthread_attr_destroy
configure:6644: g++ -o conftest -g -O2 -std=c++17  -I../common -DHAS_TLS -fno-strict-aliasing -DHAVE_SETRLIMIT -DHAVE_STRNLEN -DPACKETVER=20220406 -DSOCKET_EPOLL  -I/usr/include -DHAVE_MONOTONIC_CLOCK  -L/usr/lib conftest.cpp -lpthread -lz  >&5
configure:6644: $? = 0
configure:6661: result: none required
configure:6671: checking for library containing pthread_cancel
configure:6702: g++ -o conftest -g -O2 -std=c++17  -I../common -DHAS_TLS -fno-strict-aliasing -DHAVE_SETRLIMIT -DHAVE_STRNLEN -DPACKETVER=20220406 -DSOCKET_EPOLL  -I/usr/include -DHAVE_MONOTONIC_CLOCK  -L/usr/lib conftest.cpp -lpthread -lz  >&5
configure:6702: $? = 0
configure:6719: result: none required
configure:6729: checking for library containing pthread_join
configure:6760: g++ -o conftest -g -O2 -std=c++17  -I../common -DHAS_TLS -fno-strict-aliasing -DHAVE_SETRLIMIT -DHAVE_STRNLEN -DPACKETVER=20220406 -DSOCKET_EPOLL  -I/usr/include -DHAVE_MONOTONIC_CLOCK  -L/usr/lib conftest.cpp -lpthread -lz  >&5
configure:6760: $? = 0
configure:6777: result: none required
configure:6796: checking for mysql_config
configure:6814: found /usr/bin/mysql_config
configure:6827: result: /usr/bin/mysql_config
configure:6851: checking for mysql_init in -lmysqlclient
configure:6876: g++ -o conftest -g -O2 -std=c++17  -I../common -DHAS_TLS -fno-strict-aliasing -DHAVE_SETRLIMIT -DHAVE_STRNLEN -DPACKETVER=20220406 -DSOCKET_EPOLL  -I/usr/include -DHAVE_MONOTONIC_CLOCK -I/usr/include/mysql -I/usr/include/mysql/mysql  -L/usr/lib -L/usr/lib64/ -lmariadb conftest.cpp -lmysqlclient  -lpthread -lz  >&5
configure:6876: $? = 0
configure:6885: result: yes
configure:6891: checking mysql.h usability
configure:6891: g++ -c -g -O2 -std=c++17  -I../common -DHAS_TLS -fno-strict-aliasing -DHAVE_SETRLIMIT -DHAVE_STRNLEN -DPACKETVER=20220406 -DSOCKET_EPOLL  -I/usr/include -DHAVE_MONOTONIC_CLOCK -I/usr/include/mysql -I/usr/include/mysql/mysql conftest.cpp >&5
configure:6891: $? = 0
configure:6891: result: yes
configure:6891: checking mysql.h presence
configure:6891: g++ -E  -I../common -DHAS_TLS -fno-strict-aliasing -DHAVE_SETRLIMIT -DHAVE_STRNLEN -DPACKETVER=20220406 -DSOCKET_EPOLL  -I/usr/include -DHAVE_MONOTONIC_CLOCK -I/usr/include/mysql -I/usr/include/mysql/mysql conftest.cpp
configure:6891: $? = 0
configure:6891: result: yes
configure:6891: checking for mysql.h
configure:6891: result: yes
configure:6902: checking MySQL library (required)
configure:6905: result: yes (10.3.34)
configure:6934: checking for library containing pcre_study
configure:6965: g++ -o conftest -g -O2 -std=c++17  -I../common -DHAS_TLS -fno-strict-aliasing -DHAVE_SETRLIMIT -DHAVE_STRNLEN -DPACKETVER=20220406 -DSOCKET_EPOLL  -I/usr/include -DHAVE_MONOTONIC_CLOCK  -L/usr/lib conftest.cpp -lpthread -lz  >&5
/tmp/ccV6GGlD.o: In function `main':
/root/rathena/conftest.cpp:39: undefined reference to `pcre_study'
collect2: error: ld returned 1 exit status
configure:6965: $? = 1
configure: failed program was:
| /* confdefs.h */
| #define PACKAGE_NAME ""
| #define PACKAGE_TARNAME ""
| #define PACKAGE_VERSION ""
| #define PACKAGE_STRING ""
| #define PACKAGE_BUGREPORT ""
| #define PACKAGE_URL ""
| #define STDC_HEADERS 1
| #define HAVE_SYS_TYPES_H 1
| #define HAVE_SYS_STAT_H 1
| #define HAVE_STDLIB_H 1
| #define HAVE_STRING_H 1
| #define HAVE_MEMORY_H 1
| #define HAVE_STRINGS_H 1
| #define HAVE_INTTYPES_H 1
| #define HAVE_STDINT_H 1
| #define HAVE_UNISTD_H 1
| #define __EXTENSIONS__ 1
| #define _ALL_SOURCE 1
| #define _GNU_SOURCE 1
| #define _POSIX_PTHREAD_SEMANTICS 1
| #define _TANDEM_SOURCE 1
| #define HAVE_USELOCALE 1
| #define HAVE_NEWLOCALE 1
| #define HAVE_FREELOCALE 1
| #define HAVE_XLOCALE_H 1
| /* end confdefs.h.  */
| 
| /* Override any GCC internal prototype to avoid an error.
|    Use char because int might match the return type of a GCC
|    builtin and then its argument prototype would still apply.  */
| #ifdef __cplusplus
| extern "C"
| #endif
| char pcre_study ();
| int
| main ()
| {
| return pcre_study ();
|   ;
|   return 0;
| }
configure:6965: g++ -o conftest -g -O2 -std=c++17  -I../common -DHAS_TLS -fno-strict-aliasing -DHAVE_SETRLIMIT -DHAVE_STRNLEN -DPACKETVER=20220406 -DSOCKET_EPOLL  -I/usr/include -DHAVE_MONOTONIC_CLOCK  -L/usr/lib conftest.cpp -lpcre  -lpthread -lz  >&5
configure:6965: $? = 0
configure:6982: result: -lpcre
configure:7043: checking PCRE library (optional)
configure:7047: result: yes (8.32)
configure:7069: checking host OS
configure:7072: result: Linux
configure:7097: checking for MinGW
configure:7108: result: no
configure:7118: Configure finish
configure:7120: CPPFLAGS=  -I../common -DHAS_TLS -fno-strict-aliasing -DHAVE_SETRLIMIT -DHAVE_STRNLEN -DPACKETVER=20220406 -DSOCKET_EPOLL  -I/usr/include -DHAVE_MONOTONIC_CLOCK
configure:7122: CFLAGS=  -g -O2 -pipe -ffast-math -Wall -Wempty-body -Wno-switch -Wno-missing-field-initializers -Wno-maybe-uninitialized -Wno-clobbered -Wshadow
configure:7124: CFLAGS_AR=   -g -O2 -pipe -ffast-math -Wall -Wempty-body -Wno-switch -Wno-missing-field-initializers -Wno-maybe-uninitialized -Wno-clobbered -Wshadow
configure:7126: LDFLAGS=  -L/usr/lib
configure:7130: output name =  login-server, char-server, map-server, web-server
configure:7285: creating ./config.status

## ---------------------- ##
## Running config.status. ##
## ---------------------- ##

This file was extended by config.status, which was
generated by GNU Autoconf 2.69.  Invocation command line was

  CONFIG_FILES    = 
  CONFIG_HEADERS  = 
  CONFIG_LINKS    = 
  CONFIG_COMMANDS = 
  $ ./config.status 

on souls-ro

config.status:760: creating Makefile
config.status:760: creating src/common/Makefile
config.status:760: creating 3rdparty/libconfig/Makefile
config.status:760: creating 3rdparty/yaml-cpp/Makefile
config.status:760: creating 3rdparty/rapidyaml/Makefile
config.status:760: creating 3rdparty/httplib/Makefile
config.status:760: creating src/char/Makefile
config.status:760: creating src/login/Makefile
config.status:760: creating src/map/Makefile
config.status:760: creating src/tool/Makefile
config.status:760: creating src/web/Makefile

## ---------------- ##
## Cache variables. ##
## ---------------- ##

ac_cv_c_bigendian=no
ac_cv_c_compiler_gnu=yes
ac_cv_cxx_compiler_gnu=yes
ac_cv_env_CCC_set=
ac_cv_env_CCC_value=
ac_cv_env_CC_set=
ac_cv_env_CC_value=
ac_cv_env_CFLAGS_set=
ac_cv_env_CFLAGS_value=
ac_cv_env_CPPFLAGS_set=
ac_cv_env_CPPFLAGS_value=
ac_cv_env_CXXCPP_set=
ac_cv_env_CXXCPP_value=
ac_cv_env_CXXFLAGS_set=
ac_cv_env_CXXFLAGS_value=
ac_cv_env_CXX_set=
ac_cv_env_CXX_value=
ac_cv_env_LDFLAGS_set=
ac_cv_env_LDFLAGS_value=
ac_cv_env_LIBS_set=
ac_cv_env_LIBS_value=
ac_cv_env_build_alias_set=
ac_cv_env_build_alias_value=
ac_cv_env_host_alias_set=
ac_cv_env_host_alias_value=
ac_cv_env_target_alias_set=
ac_cv_env_target_alias_value=
ac_cv_func_freelocale=yes
ac_cv_func_newlocale=yes
ac_cv_func_setrlimit=yes
ac_cv_func_strnlen=yes
ac_cv_func_uselocale=yes
ac_cv_header_inttypes_h=yes
ac_cv_header_memory_h=yes
ac_cv_header_minix_config_h=no
ac_cv_header_mysql_h=yes
ac_cv_header_stdc=yes
ac_cv_header_stdint_h=yes
ac_cv_header_stdlib_h=yes
ac_cv_header_string_h=yes
ac_cv_header_strings_h=yes
ac_cv_header_sys_stat_h=yes
ac_cv_header_sys_types_h=yes
ac_cv_header_unistd_h=yes
ac_cv_header_xlocale_h=yes
ac_cv_header_zlib_h=yes
ac_cv_lib_mysqlclient_mysql_init=yes
ac_cv_objext=o
ac_cv_path_AR=/opt/rh/devtoolset-8/root/usr/bin/ar
ac_cv_path_EGREP='/usr/bin/grep -E'
ac_cv_path_GREP=/usr/bin/grep
ac_cv_path_MYSQL_CONFIG_HOME=/usr/bin/mysql_config
ac_cv_prog_CXXCPP='g++ -E'
ac_cv_prog_ac_ct_CC=gcc
ac_cv_prog_ac_ct_CXX=g++
ac_cv_prog_cc_c89=
ac_cv_prog_cc_g=yes
ac_cv_prog_cxx_g=yes
ac_cv_prog_make_make_set=yes
ac_cv_safe_to_define___extensions__=yes
ac_cv_search_clock_gettime='none required'
ac_cv_search_inflateEnd=-lz
ac_cv_search_pcre_study=-lpcre
ac_cv_search_pthread_attr_destroy='none required'
ac_cv_search_pthread_attr_init='none required'
ac_cv_search_pthread_attr_setstacksize='none required'
ac_cv_search_pthread_cancel='none required'
ac_cv_search_pthread_create=-lpthread
ac_cv_search_pthread_join='none required'
ac_cv_search_pthread_sigmask='none required'
ac_cv_search_sqrt='none required'

## ----------------- ##
## Output variables. ##
## ----------------- ##

AR='/opt/rh/devtoolset-8/root/usr/bin/ar'
CC='gcc'
CFLAGS=' -g -O2 -pipe -ffast-math -Wall -Wempty-body -Wno-switch -Wno-missing-field-initializers -Wno-maybe-uninitialized -Wno-clobbered -Wshadow'
CFLAGS_AR='  -g -O2 -pipe -ffast-math -Wall -Wempty-body -Wno-switch -Wno-missing-field-initializers -Wno-maybe-uninitialized -Wno-clobbered -Wshadow'
CPPFLAGS=' -I../common -DHAS_TLS -fno-strict-aliasing -DHAVE_SETRLIMIT -DHAVE_STRNLEN -DPACKETVER=20220406 -DSOCKET_EPOLL  -I/usr/include -DHAVE_MONOTONIC_CLOCK'
CXX='g++'
CXXCPP='g++ -E'
CXXFLAGS='-g -O2 -std=c++17'
CXXFLAG_CLEARS='-std=c++17  -I../common -DHAS_TLS -fno-strict-aliasing -DHAVE_SETRLIMIT -DHAVE_STRNLEN -DPACKETVER=20220406 -DSOCKET_EPOLL  -I/usr/include -DHAVE_MONOTONIC_CLOCK'
DEFS='-DPACKAGE_NAME=\"\" -DPACKAGE_TARNAME=\"\" -DPACKAGE_VERSION=\"\" -DPACKAGE_STRING=\"\" -DPACKAGE_BUGREPORT=\"\" -DPACKAGE_URL=\"\" -DSTDC_HEADERS=1 -DHAVE_SYS_TYPES_H=1 -DHAVE_SYS_STAT_H=1 -DHAVE_STDLIB_H=1 -DHAVE_STRING_H=1 -DHAVE_MEMORY_H=1 -DHAVE_STRINGS_H=1 -DHAVE_INTTYPES_H=1 -DHAVE_STDINT_H=1 -DHAVE_UNISTD_H=1 -D__EXTENSIONS__=1 -D_ALL_SOURCE=1 -D_GNU_SOURCE=1 -D_POSIX_PTHREAD_SEMANTICS=1 -D_TANDEM_SOURCE=1 -DHAVE_USELOCALE=1 -DHAVE_NEWLOCALE=1 -DHAVE_FREELOCALE=1 -DHAVE_XLOCALE_H=1'
DLLEXT='.so'
ECHO_C=''
ECHO_N='-n'
ECHO_T=''
EGREP='/usr/bin/grep -E'
EXEEXT=''
GREP='/usr/bin/grep'
HAVE_MYSQL='yes'
HAVE_PCRE='yes'
LDFLAGS=' -L/usr/lib'
LIBOBJS=''
LIBS='-lpcre -lpthread -lz  -ldl'
LTLIBOBJS=''
MYSQL_CFLAGS='-I/usr/include/mysql -I/usr/include/mysql/mysql'
MYSQL_CONFIG_HOME='/usr/bin/mysql_config'
MYSQL_LIBS='-L/usr/lib64/ -lmariadb'
MYSQL_VERSION='10.3.34'
OBJEXT='o'
OCHR='char-server'
OLOG='login-server'
OMAP='map-server'
OWEB='web-server'
PACKAGE_BUGREPORT=''
PACKAGE_NAME=''
PACKAGE_STRING=''
PACKAGE_TARNAME=''
PACKAGE_URL=''
PACKAGE_VERSION=''
PATH_SEPARATOR=':'
PCRE_CFLAGS=''
PCRE_LIBS='-lpcre'
PCRE_VERSION='8.32'
SET_MAKE=''
SHELL='/bin/sh'
SOFLAGS=''
WITH_PLUGINS='no'
ac_ct_CC='gcc'
ac_ct_CXX='g++'
bindir='${exec_prefix}/bin'
build_alias=''
datadir='${datarootdir}'
datarootdir='${prefix}/share'
docdir='${datarootdir}/doc/${PACKAGE}'
dvidir='${docdir}'
exec_prefix='${prefix}'
host_alias=''
htmldir='${docdir}'
includedir='${prefix}/include'
infodir='${datarootdir}/info'
libdir='${exec_prefix}/lib'
libexecdir='${exec_prefix}/libexec'
localedir='${datarootdir}/locale'
localstatedir='${prefix}/var'
mandir='${datarootdir}/man'
oldincludedir='/usr/include'
pdfdir='${docdir}'
prefix='/usr/local'
program_transform_name='s,x,x,'
psdir='${docdir}'
runstatedir='${localstatedir}/run'
sbindir='${exec_prefix}/sbin'
sharedstatedir='${prefix}/com'
sysconfdir='${prefix}/etc'
target_alias=''

## ----------- ##
## confdefs.h. ##
## ----------- ##

/* confdefs.h */
#define PACKAGE_NAME ""
#define PACKAGE_TARNAME ""
#define PACKAGE_VERSION ""
#define PACKAGE_STRING ""
#define PACKAGE_BUGREPORT ""
#define PACKAGE_URL ""
#define STDC_HEADERS 1
#define HAVE_SYS_TYPES_H 1
#define HAVE_SYS_STAT_H 1
#define HAVE_STDLIB_H 1
#define HAVE_STRING_H 1
#define HAVE_MEMORY_H 1
#define HAVE_STRINGS_H 1
#define HAVE_INTTYPES_H 1
#define HAVE_STDINT_H 1
#define HAVE_UNISTD_H 1
#define __EXTENSIONS__ 1
#define _ALL_SOURCE 1
#define _GNU_SOURCE 1
#define _POSIX_PTHREAD_SEMANTICS 1
#define _TANDEM_SOURCE 1
#define HAVE_USELOCALE 1
#define HAVE_NEWLOCALE 1
#define HAVE_FREELOCALE 1
#define HAVE_XLOCALE_H 1

configure: exit 0
